[debug] [2024-07-07T05:56:22.428Z] ----------------------------------------------------------------------
[debug] [2024-07-07T05:56:22.435Z] Command:       C:\Program Files\nodejs\node.exe C:\Users\MTBD\AppData\Roaming\npm\node_modules\firebase-tools\lib\bin\firebase.js init
[debug] [2024-07-07T05:56:22.436Z] CLI Version:   13.13.0
[debug] [2024-07-07T05:56:22.437Z] Platform:      win32
[debug] [2024-07-07T05:56:22.437Z] Node Version:  v20.12.0
[debug] [2024-07-07T05:56:22.438Z] Time:          Sun Jul 07 2024 11:56:22 GMT+0600 (Bangladesh Standard Time)
[debug] [2024-07-07T05:56:22.438Z] ----------------------------------------------------------------------
[debug] 
[debug] [2024-07-07T05:56:22.570Z] > command requires scopes: ["email","openid","https://www.googleapis.com/auth/cloudplatformprojects.readonly","https://www.googleapis.com/auth/firebase","https://www.googleapis.com/auth/cloud-platform"]
[debug] [2024-07-07T05:56:22.571Z] > authorizing via signed-in user (yaseenalhassan2@gmail.com)
[info] 
     ######## #### ########  ######## ########     ###     ######  ########
     ##        ##  ##     ## ##       ##     ##  ##   ##  ##       ##
     ######    ##  ########  ######   ########  #########  ######  ######
     ##        ##  ##    ##  ##       ##     ## ##     ##       ## ##
     ##       #### ##     ## ######## ########  ##     ##  ######  ########

You're about to initialize a Firebase project in this directory:

  D:\WebDevelopment\Projects\car-selling-website

Before we get started, keep in mind:

  * You are initializing within an existing Firebase project directory

[info] 
=== Project Setup
[info] 
[info] First, let's associate this project directory with a Firebase project.
[info] You can create multiple project aliases by running firebase use --add, 
[info] but for now we'll just set up a default project.
[info] 
[debug] [2024-07-07T05:56:30.078Z] Using project from CLI flag: car-hub-80663
[debug] [2024-07-07T05:56:30.082Z] >>> [apiv2][query] GET https://firebase.googleapis.com/v1beta1/projects/car-hub-80663 [none]
[debug] [2024-07-07T05:56:58.655Z] *** [apiv2] error from fetch(https://firebase.googleapis.com/v1beta1/projects/car-hub-80663, {"headers":{},"method":"GET","signal":{}}): FetchError: request to https://firebase.googleapis.com/v1beta1/projects/car-hub-80663 failed, reason: 
[debug] [2024-07-07T05:56:58.656Z] Failed to make request to https://firebase.googleapis.com/v1beta1/projects/car-hub-80663 (original: request to https://firebase.googleapis.com/v1beta1/projects/car-hub-80663 failed, reason: )
[debug] [2024-07-07T05:57:03.677Z] Error: Timed out.
    at Timeout._onTimeout (C:\Users\MTBD\AppData\Roaming\npm\node_modules\firebase-tools\lib\utils.js:268:49)
    at listOnTimeout (node:internal/timers:573:17)
    at process.processTimers (node:internal/timers:514:7)
[error] 
[error] Error: An unexpected error has occurred.
